<?xml version="1.0" encoding="UTF-8"?>
<testng-results ignored="0" total="1" passed="1" failed="0" skipped="0">
  <reporter-output>
  </reporter-output>
  <suite started-at="2024-05-13T14:27:25 IST" name="Default suite" finished-at="2024-05-13T14:27:42 IST" duration-ms="16849">
    <groups>
    </groups>
    <test started-at="2024-05-13T14:27:25 IST" name="Default test" finished-at="2024-05-13T14:27:42 IST" duration-ms="16849">
      <class name="task2.Datadriven">
        <test-method signature="DemoProject(java.lang.String,java.lang.String,java.lang.String,java.lang.String,java.lang.String,java.lang.String,java.lang.String,java.lang.String,java.lang.String,java.lang.String,java.lang.String)[pri:0, instance:task2.Datadriven@d29f28]" started-at="2024-05-13T14:27:26 IST" name="DemoProject" data-provider="testdata" finished-at="2024-05-13T14:27:42 IST" duration-ms="16161" status="PASS">
          <params>
            <param index="0">
              <value>
                <![CDATA[Sruthy]]>
              </value>
            </param>
            <param index="1">
              <value>
                <![CDATA[ajay]]>
              </value>
            </param>
            <param index="2">
              <value>
                <![CDATA["9947834554"]]>
              </value>
            </param>
            <param index="3">
              <value>
                <![CDATA[sruthyajay29@gmail.com]]>
              </value>
            </param>
            <param index="4">
              <value>
                <![CDATA[Sruthy,Nedumangad]]>
              </value>
            </param>
            <param index="5">
              <value>
                <![CDATA[tvm]]>
              </value>
            </param>
            <param index="6">
              <value>
                <![CDATA[Kerala]]>
              </value>
            </param>
            <param index="7">
              <value>
                <![CDATA["695541"]]>
              </value>
            </param>
            <param index="8">
              <value>
                <![CDATA[mercury]]>
              </value>
            </param>
            <param index="9">
              <value>
                <![CDATA[mercury]]>
              </value>
            </param>
            <param index="10">
              <value>
                <![CDATA[mercury]]>
              </value>
            </param>
          </params>
          <reporter-output>
          </reporter-output>
        </test-method> <!-- DemoProject -->
      </class> <!-- task2.Datadriven -->
    </test> <!-- Default test -->
  </suite> <!-- Default suite -->
</testng-results>
